0 info it worked if it ends with ok
1 verbose cli [ '/Users/destiny/.nvm/versions/node/v5.3.0/bin/node',
1 verbose cli   '/Users/destiny/.nvm/versions/node/v5.3.0/bin/npm',
1 verbose cli   'publish' ]
2 info using npm@3.10.6
3 info using node@v5.3.0
4 verbose publish [ '.' ]
5 silly cache add args [ '.', null ]
6 verbose cache add spec .
7 silly cache add parsed spec Result {
7 silly cache add   raw: '.',
7 silly cache add   scope: null,
7 silly cache add   escapedName: null,
7 silly cache add   name: null,
7 silly cache add   rawSpec: '.',
7 silly cache add   spec: '/Users/destiny/projects/mix-npm-modules/mix-gulp-hash-src',
7 silly cache add   type: 'directory' }
8 verbose addLocalDirectory /Users/destiny/.npm/mix-gulp-hash-src/0.1.5/package.tgz not in flight; packing
9 verbose correctMkdir /Users/destiny/.npm correctMkdir not in flight; initializing
10 info lifecycle mix-gulp-hash-src@0.1.5~prepublish: mix-gulp-hash-src@0.1.5
11 silly lifecycle mix-gulp-hash-src@0.1.5~prepublish: no script for prepublish, continuing
12 verbose tar pack [ '/Users/destiny/.npm/mix-gulp-hash-src/0.1.5/package.tgz',
12 verbose tar pack   '/Users/destiny/projects/mix-npm-modules/mix-gulp-hash-src' ]
13 verbose tarball /Users/destiny/.npm/mix-gulp-hash-src/0.1.5/package.tgz
14 verbose folder /Users/destiny/projects/mix-npm-modules/mix-gulp-hash-src
15 verbose addLocalTarball adding from inside cache /Users/destiny/.npm/mix-gulp-hash-src/0.1.5/package.tgz
16 verbose correctMkdir /Users/destiny/.npm correctMkdir not in flight; initializing
17 silly cache afterAdd mix-gulp-hash-src@0.1.5
18 verbose afterAdd /Users/destiny/.npm/mix-gulp-hash-src/0.1.5/package/package.json not in flight; writing
19 verbose correctMkdir /Users/destiny/.npm correctMkdir not in flight; initializing
20 verbose afterAdd /Users/destiny/.npm/mix-gulp-hash-src/0.1.5/package/package.json written
21 silly publish { name: 'mix-gulp-hash-src',
21 silly publish   version: '0.1.5',
21 silly publish   description: 'Automatically add cache busting hashes to links in HTML and CSS,inherit form [gulp-hash-src](https://www.npmjs.com/package/gulp-hash-src)',
21 silly publish   main: 'hash-src.js',
21 silly publish   scripts: { test: 'echo "Error: no test specified" && exit 1' },
21 silly publish   keywords: [ 'mix gulpplugin hashsrc' ],
21 silly publish   author: { name: 'DestinyXie', email: 'xber1986@gmail.com' },
21 silly publish   dependencies: { through2: '=0.4.2', fs_helper: '=0.1.11', girdle: '=0.2.3' },
21 silly publish   repository:
21 silly publish    { type: 'git',
21 silly publish      url: 'git+https://github.com/DestinyXie/MixGulpHashSrc.git' },
21 silly publish   license: 'MIT',
21 silly publish   readme: '# mix-gulp-hash-src\n\nAutomatically add cache busting hashes to links in HTML and CSS, copyright mix corp.\ninherit form [gulp-hash-src](https://www.npmjs.com/package/gulp-hash-src)\n\n## Usage\n\n```js\nvar gulp = require("gulp"),\n    hash_src = require("gulp-hash-src");\n\ngulp.task("hash", function() {\n    return gulp.src(["./client/**/*.html", "./client/**/*.css"])\n        .pipe(hash_src({build_dir: "./build", src_path: "./client"}))\n        .pipe(gulp.dest("./build"))\n});\n```\nOr added it to the pipe line:\n```js\nvar gulp = require("gulp"),\n    htmlmin = require("gulp-htmlmin"),\n    hash_src = require("gulp-hash-src");\n\ngulp.task("html", ["js", "css"], function ()\n{\n    return gulp.src("./client/**/*.html")\n        .pipe(htmlmin())\n        .pipe(hash_src({build_dir: "./build", src_path: "./client"}))\n        .pipe(gulp.dest("./build"))\n});\n```\n\nThat will turn something like\n```html\n<script src="file.js">\n```\ninto\n```html\n<script src="file.js?cbh=0123456789abcdef">\n```\nor\n```css\nhtml {\n    background: url(image.jpg);\n}\n```\ninto\n```css\nhtml {\n    background: url(image.jpg?cbh=0123456789abcdef);\n}\n```\n\n## Note\n\nThe files that are to be hash must be located in `build_dir` prior to running `hash_src()`.\n\n## Options\n\n```\nbuild_dir   Where the files are that need to be hashed (required)\n\nsrc_path    Where the files originated from (required)\n\nhash        The type of hash (default: "md5")\n\nhash_len    The length of the hash (default: null)\n            If hash_len is falsey, the entire hash is used.\n\nenc         Hash encoding (default: "hex")\n\nexts        An array of the types of files to hash\n            (default: [".js", ".css", ".jpg", ".jpeg", ".png", ".gif", ".webp", ".svg", ".pdf", ".ico", ".ttf", ".woff", ".mp3", ".ogg", ".ogv", ".mp4", ".webm", ".zip", ".tar", ".gz", ".bz2"])\n\nregex       The regular expression to find links\n            (by default it looks for something like src="..." href="..." url(...)\n\nanalyze     The function to use to analyze the regular expression matches\n            The function will receive an array of the matches from the regex.\n            Must return an object like so:\n            {\n                prefix: "href=",\n                link:   "/file.js",\n                suffix: "",\n                abs: false (optional)\n            }\n\nquery_name  The query string to add to the hash (default: "cbh")\n            Turns links into href="file.css?cbh=0123456789abcdef"\n            To remove the string entirely, give a blank string and get\n            href="file.css?0123456789abcdef"\n\nverbose     Whether or not to log info about what is happening (default: false)\n            Useful for debugging\n\ncdn_prefix  And cdn prefix url\n\ncdn_prefix_except_ext  An array of the types of files no need to add cdn_prefix, example: [\'.css\']\n```\n\n## License\n<a href="http://nate.mit-license.org">MIT</a>\n',
21 silly publish   readmeFilename: 'readme.md',
21 silly publish   gitHead: '34d02d5bf1e10671570595a74791df787696c62e',
21 silly publish   bugs: { url: 'https://github.com/DestinyXie/MixGulpHashSrc/issues' },
21 silly publish   homepage: 'https://github.com/DestinyXie/MixGulpHashSrc#readme',
21 silly publish   _id: 'mix-gulp-hash-src@0.1.5',
21 silly publish   _shasum: '0307445f9a8d6f6b63aff460c51b40aaf8663061',
21 silly publish   _from: '.' }
22 verbose getPublishConfig undefined
23 silly mapToRegistry name mix-gulp-hash-src
24 silly mapToRegistry using default registry
25 silly mapToRegistry registry https://registry.npmjs.org/
26 silly mapToRegistry data Result {
26 silly mapToRegistry   raw: 'mix-gulp-hash-src',
26 silly mapToRegistry   scope: null,
26 silly mapToRegistry   escapedName: 'mix-gulp-hash-src',
26 silly mapToRegistry   name: 'mix-gulp-hash-src',
26 silly mapToRegistry   rawSpec: '',
26 silly mapToRegistry   spec: 'latest',
26 silly mapToRegistry   type: 'tag' }
27 silly mapToRegistry uri https://registry.npmjs.org/mix-gulp-hash-src
28 verbose publish registryBase https://registry.npmjs.org/
29 silly publish uploading /Users/destiny/.npm/mix-gulp-hash-src/0.1.5/package.tgz
30 verbose request uri https://registry.npmjs.org/mix-gulp-hash-src
31 verbose request sending authorization for write operation
32 info attempt registry request try #1 at 18:37:34
33 verbose request using bearer token for auth
34 verbose request id a79447e03311f635
35 http request PUT https://registry.npmjs.org/mix-gulp-hash-src
36 http 403 https://registry.npmjs.org/mix-gulp-hash-src
37 verbose headers { 'content-type': 'application/json',
37 verbose headers   'cache-control': 'max-age=300',
37 verbose headers   'content-length': '95',
37 verbose headers   'accept-ranges': 'bytes',
37 verbose headers   date: 'Thu, 18 Aug 2016 10:37:35 GMT',
37 verbose headers   via: '1.1 varnish',
37 verbose headers   connection: 'keep-alive',
37 verbose headers   'x-served-by': 'cache-itm7425-ITM',
37 verbose headers   'x-cache': 'MISS',
37 verbose headers   'x-cache-hits': '0',
37 verbose headers   'x-timer': 'S1471516655.291599,VS0,VE677',
37 verbose headers   vary: 'Accept-Encoding' }
38 verbose request invalidating /Users/destiny/.npm/registry.npmjs.org/mix-gulp-hash-src on PUT
39 error publish Failed PUT 403
40 verbose stack Error: "You cannot publish over the previously published version 0.1.5." : mix-gulp-hash-src
40 verbose stack     at makeError (/Users/destiny/.nvm/versions/node/v5.3.0/lib/node_modules/npm/node_modules/npm-registry-client/lib/request.js:264:12)
40 verbose stack     at CachingRegistryClient.<anonymous> (/Users/destiny/.nvm/versions/node/v5.3.0/lib/node_modules/npm/node_modules/npm-registry-client/lib/request.js:252:14)
40 verbose stack     at Request._callback (/Users/destiny/.nvm/versions/node/v5.3.0/lib/node_modules/npm/node_modules/npm-registry-client/lib/request.js:172:14)
40 verbose stack     at Request.self.callback (/Users/destiny/.nvm/versions/node/v5.3.0/lib/node_modules/npm/node_modules/request/request.js:200:22)
40 verbose stack     at emitTwo (events.js:87:13)
40 verbose stack     at Request.emit (events.js:172:7)
40 verbose stack     at Request.<anonymous> (/Users/destiny/.nvm/versions/node/v5.3.0/lib/node_modules/npm/node_modules/request/request.js:1067:10)
40 verbose stack     at emitOne (events.js:82:20)
40 verbose stack     at Request.emit (events.js:169:7)
40 verbose stack     at IncomingMessage.<anonymous> (/Users/destiny/.nvm/versions/node/v5.3.0/lib/node_modules/npm/node_modules/request/request.js:988:12)
41 verbose statusCode 403
42 verbose pkgid mix-gulp-hash-src
43 verbose cwd /Users/destiny/projects/mix-npm-modules/mix-gulp-hash-src
44 error Darwin 15.6.0
45 error argv "/Users/destiny/.nvm/versions/node/v5.3.0/bin/node" "/Users/destiny/.nvm/versions/node/v5.3.0/bin/npm" "publish"
46 error node v5.3.0
47 error npm  v3.10.6
48 error code E403
49 error "You cannot publish over the previously published version 0.1.5." : mix-gulp-hash-src
50 error If you need help, you may report this error at:
50 error     <https://github.com/npm/npm/issues>
51 verbose exit [ 1, true ]
